[debug] [2026-06-18T14:53:27.077Z] [Firebase Plugin] Activating Firebase extension.
[debug] [2026-06-18T14:53:36.908Z] [Firebase Plugin] requireAuthWrapper
[debug] [2026-06-18T14:53:36.911Z] > command requires scopes: ["email","openid","https://www.googleapis.com/auth/cloudplatformprojects.readonly","https://www.googleapis.com/auth/firebase","https://www.googleapis.com/auth/cloud-platform"]
[debug] [2026-06-18T14:53:36.912Z] > authorizing via signed-in user (geometry257@gmail.com)
[debug] [2026-06-18T14:53:36.915Z] Checked if tokens are valid: false, expires at: 1781732838995
[debug] [2026-06-18T14:53:36.915Z] Checked if tokens are valid: false, expires at: 1781732838995
[debug] [2026-06-18T14:53:36.915Z] > refreshing access token with scopes: []
[debug] [2026-06-18T14:53:36.917Z] >>> [apiv2][query] POST https://www.googleapis.com/oauth2/v3/token [none]
[debug] [2026-06-18T14:53:36.917Z] >>> [apiv2][body] POST https://www.googleapis.com/oauth2/v3/token [omitted]
[debug] [2026-06-18T14:53:36.940Z] [Firebase Plugin] VSCode notification server listening on port 40001
[info] [Firebase Plugin] Starting SQL Connect toolkit (version 3.4.10) on port 50001
[debug] [2026-06-18T14:53:42.944Z] I0618 10:53:42.803286   10724 control.go:100] [projects/emulator/locations/emulator/services/lavanderia-el-cobre 7dd0] UpdateResources(): done
Main schema: sources: schema\schema.gql [9360B] 
Connector "example": sources: example\mutations.gql [1934B] example\queries.gql [1241B] 
 {"metadata":{"emulator":{"name":"dataconnect"},"message":"I0618 10:53:42.803286   10724 control.go:100] [projects/emulator/locations/emulator/services/lavanderia-el-cobre 7dd0] UpdateResources(): done\nMain schema: sources: schema\\schema.gql [9360B] \nConnector \"example\": sources: example\\mutations.gql [1934B] example\\queries.gql [1241B] \n"}}
[debug] [2026-06-18T14:53:42.944Z] Ignoring unsupported arg: auto_download {"metadata":{"emulator":{"name":"dataconnect"},"message":"Ignoring unsupported arg: auto_download"}}
[debug] [2026-06-18T14:53:42.945Z] Ignoring unsupported arg: port {"metadata":{"emulator":{"name":"dataconnect"},"message":"Ignoring unsupported arg: port"}}
[debug] [2026-06-18T14:53:42.945Z] Starting SQL Connect Emulator with command {"binary":"C:\\Users\\Bayron\\.cache\\firebase\\emulators\\dataconnect-emulator-3.4.10.exe","args":["--logtostderr","-v=2","dev","--listen=localhost:50001","--config_dir=c:\\Users\\Bayron\\Documents\\lavanderia-el-cobre\\dataconnect","--enable_output_schema_extensions=true","--enable_output_generated_sdk=true"],"optionalArgs":["listen","config_dir","enable_output_schema_extensions","enable_output_generated_sdk"],"joinArgs":true,"shell":false,"port":9399} {"metadata":{"emulator":{"name":"dataconnect"},"message":"Starting SQL Connect Emulator with command {\"binary\":\"C:\\\\Users\\\\Bayron\\\\.cache\\\\firebase\\\\emulators\\\\dataconnect-emulator-3.4.10.exe\",\"args\":[\"--logtostderr\",\"-v=2\",\"dev\",\"--listen=localhost:50001\",\"--config_dir=c:\\\\Users\\\\Bayron\\\\Documents\\\\lavanderia-el-cobre\\\\dataconnect\",\"--enable_output_schema_extensions=true\",\"--enable_output_generated_sdk=true\"],\"optionalArgs\":[\"listen\",\"config_dir\",\"enable_output_schema_extensions\",\"enable_output_generated_sdk\"],\"joinArgs\":true,\"shell\":false,\"port\":9399}"}}
[info] i  dataconnect: SQL Connect Emulator logging to dataconnect-debug.log {"metadata":{"emulator":{"name":"dataconnect"},"message":"SQL Connect Emulator logging to \u001b[1mdataconnect-debug.log\u001b[22m"}}
[debug] [2026-06-18T14:53:43.389Z] I0618 10:53:42.986545   13716 load.go:31] Reloading schema and connectors...
I0618 10:53:43.072280   13716 control.go:100] [projects/emulator/locations/emulator/services/lavanderia-el-cobre bc4a] UpdateResources(): done
Main schema: sources: schema\schema.gql [9360B] 
Connector "example": sources: example\queries.gql [1241B] example\mutations.gql [1934B] 
I0618 10:53:43.134194   13716 codegen.go:101] [connector "example" javascriptSdk] Generating sources into "c:\\Users\\Bayron\\Documents\\lavanderia-el-cobre\\src\\dataconnect-generated"
I0618 10:53:43.154341   13716 collector.go:107] schema extensions wrote into "c:\\Users\\Bayron\\Documents\\lavanderia-el-cobre\\dataconnect\\.dataconnect\\schema"
Generated sources: main\relation.gql [99720B] main\query.gql [22313B] main\mutation.gql [60888B] prelude.gql [84995B] main\implicit.gql [7019B] main\input.gql [215503B] 
I0618 10:53:43.172889   13716 collector.go:107] connector "example" javascriptSdk wrote into "c:\\Users\\Bayron\\Documents\\lavanderia-el-cobre\\src\\dataconnect-generated"
Generated sources: react\index.d.ts [2860B] react\esm\package.json [17B] react\index.cjs.js [2364B] react\README.md [36704B] .guides/usage.md [2794B] esm\index.esm.js [3567B] README.md [30417B] react\esm\index.esm.js [2234B] .guides/setup.md [1682B] esm\package.json [17B] index.cjs.js [3956B] package.json [853B] .guides/config.json [236B] index.d.ts [7637B] react\package.json [460B] 
I0618 10:53:43.207486   13716 installsdk.go:55] Package @dataconnect/generated is already installed. Skipping installation
I0618 10:53:43.207486   13716 load.go:109] Finished reloading
I0618 10:53:43.218590   13716 dev.go:104] Listening on address (HTTP + gRPC): 127.0.0.1:50001
 {"metadata":{"emulator":{"name":"dataconnect"},"message":"I0618 10:53:42.986545   13716 load.go:31] Reloading schema and connectors...\nI0618 10:53:43.072280   13716 control.go:100] [projects/emulator/locations/emulator/services/lavanderia-el-cobre bc4a] UpdateResources(): done\nMain schema: sources: schema\\schema.gql [9360B] \nConnector \"example\": sources: example\\queries.gql [1241B] example\\mutations.gql [1934B] \nI0618 10:53:43.134194   13716 codegen.go:101] [connector \"example\" javascriptSdk] Generating sources into \"c:\\\\Users\\\\Bayron\\\\Documents\\\\lavanderia-el-cobre\\\\src\\\\dataconnect-generated\"\nI0618 10:53:43.154341   13716 collector.go:107] schema extensions wrote into \"c:\\\\Users\\\\Bayron\\\\Documents\\\\lavanderia-el-cobre\\\\dataconnect\\\\.dataconnect\\\\schema\"\nGenerated sources: main\\relation.gql [99720B] main\\query.gql [22313B] main\\mutation.gql [60888B] prelude.gql [84995B] main\\implicit.gql [7019B] main\\input.gql [215503B] \nI0618 10:53:43.172889   13716 collector.go:107] connector \"example\" javascriptSdk wrote into \"c:\\\\Users\\\\Bayron\\\\Documents\\\\lavanderia-el-cobre\\\\src\\\\dataconnect-generated\"\nGenerated sources: react\\index.d.ts [2860B] react\\esm\\package.json [17B] react\\index.cjs.js [2364B] react\\README.md [36704B] .guides/usage.md [2794B] esm\\index.esm.js [3567B] README.md [30417B] react\\esm\\index.esm.js [2234B] .guides/setup.md [1682B] esm\\package.json [17B] index.cjs.js [3956B] package.json [853B] .guides/config.json [236B] index.d.ts [7637B] react\\package.json [460B] \nI0618 10:53:43.207486   13716 installsdk.go:55] Package @dataconnect/generated is already installed. Skipping installation\nI0618 10:53:43.207486   13716 load.go:109] Finished reloading\nI0618 10:53:43.218590   13716 dev.go:104] Listening on address (HTTP + gRPC): 127.0.0.1:50001\n"}}
[debug] [2026-06-18T14:53:44.132Z] I0618 10:53:43.780911   13716 engine.go:209] [projects/emulator/locations/emulator/services/lavanderia-el-cobre bc4a] ExecuteGraphqlRead query IntrospectionQuery: succeeded. 
 {"metadata":{"emulator":{"name":"dataconnect"},"message":"I0618 10:53:43.780911   13716 engine.go:209] [projects/emulator/locations/emulator/services/lavanderia-el-cobre bc4a] ExecuteGraphqlRead query IntrospectionQuery: succeeded. \n"}}
[debug] [2026-06-18T14:53:45.578Z] <<< [apiv2][status] POST https://www.googleapis.com/oauth2/v3/token 200
[debug] [2026-06-18T14:53:45.578Z] <<< [apiv2][body] POST https://www.googleapis.com/oauth2/v3/token [omitted]
[debug] [2026-06-18T14:53:45.599Z] [Firebase Plugin] User found:  geometry257@gmail.com
[info] [Firebase Plugin] (Core:Project) New user detected, fetching projects
[debug] [2026-06-18T14:53:45.601Z] Checked if tokens are valid: true, expires at: 1781798024579
[debug] [2026-06-18T14:53:45.601Z] >>> [apiv2][query] GET https://firebase.googleapis.com/v1beta1/projects pageSize=1000
[debug] [2026-06-18T14:53:46.980Z] <<< [apiv2][status] GET https://firebase.googleapis.com/v1beta1/projects 200
[debug] [2026-06-18T14:53:46.981Z] <<< [apiv2][body] GET https://firebase.googleapis.com/v1beta1/projects [omitted]
[info] [Firebase Plugin] Stopping SQL Connect toolkit
[warn] !  SQL Connect Emulator has exited upon receiving signal: SIGINT 
